<?xml version="1.0" encoding="UTF-8"?>
<!-- Generated by org.testng.reporters.JUnitReportReporter -->
<testsuite hostname="Sunil-Desktop-CQB5LA7" failures="0" tests="1" name="tests.CheckoutProduct" time="8.170" errors="0" timestamp="2025-02-20T11:47:30 IST" skipped="0">
  <testcase classname="tests.CheckoutProduct" name="checkoutItem" time="8.170"/>
  <system-out/>
</testsuite> <!-- tests.CheckoutProduct -->
