<?xml version="1.0" encoding="UTF-8"?>
<!-- Generated by org.testng.reporters.JUnitReportReporter -->
<testsuite hostname="Sunil-Desktop-CQB5LA7" failures="0" tests="2" name="tests.LoginTest" time="9.859" errors="0" timestamp="2025-02-20T12:36:31 IST" skipped="0">
  <testcase classname="tests.LoginTest" name="validUserLogin" time="5.867"/>
  <system-out/>
  <testcase classname="tests.LoginTest" name="invalidUserLogin" time="3.992"/>
  <system-out/>
</testsuite> <!-- tests.LoginTest -->
