<?xml version="1.0" encoding="UTF-8"?>
<!-- Generated by org.testng.reporters.JUnitReportReporter -->
<testsuite hostname="Sunil-Desktop-CQB5LA7" failures="0" tests="2" name="tests.LoginTest" time="9.262" errors="0" timestamp="2025-02-21T17:56:58 IST" skipped="0">
  <testcase classname="tests.LoginTest" name="invalidUserLogin" time="4.857"/>
  <testcase classname="tests.LoginTest" name="validUserLogin" time="4.405"/>
</testsuite> <!-- tests.LoginTest -->
